<?xml version="1.0" encoding="UTF-8"?>
<!-- Generated by org.testng.reporters.JUnitReportReporter -->
<testsuite hostname="LAPTOP-2ILAS4CI" failures="0" tests="1" name="listener.TC_001" time="4.070" errors="0" timestamp="6 Sep 2022 19:43:52 GMT">
  <testcase classname="listener.TC_001" name="tc001" time="4.070"/>
</testsuite> <!-- listener.TC_001 -->
