<?xml version="1.0" encoding="UTF-8"?>
<!-- Generated by org.testng.reporters.JUnitReportReporter -->
<testsuite hostname="LAPTOP-2ILAS4CI" failures="0" tests="1" name="pkg1.FindBrokenLinks" time="30.444" errors="0" timestamp="6 Sep 2022 20:17:59 GMT">
  <testcase classname="pkg1.FindBrokenLinks" name="allLinks" time="30.444"/>
</testsuite> <!-- pkg1.FindBrokenLinks -->
