<?xml version="1.0" encoding="UTF-8"?>
<!-- Generated by org.testng.reporters.JUnitReportReporter -->
<testsuite hostname="LAPTOP-2ILAS4CI" failures="0" tests="1" name="org.testing.testScripts.TC5" time="20.488" errors="0" timestamp="25 Aug 2022 13:02:39 GMT">
  <testcase classname="org.testing.testScripts.TC5" name="testCase5" time="20.488"/>
</testsuite> <!-- org.testing.testScripts.TC5 -->
