<?xml version="1.0" encoding="UTF-8"?>
<!-- Generated by org.testng.reporters.JUnitReportReporter -->
<testsuite hostname="LAPTOP-2ILAS4CI" failures="0" tests="1" name="org.testing.testScripts.TC8" time="32.601" errors="0" timestamp="2 Sep 2022 10:32:51 GMT">
  <testcase classname="org.testing.testScripts.TC8" name="testCase8" time="32.601"/>
</testsuite> <!-- org.testing.testScripts.TC8 -->
