<?xml version="1.0" encoding="UTF-8"?>
<!-- Generated by org.testng.reporters.JUnitReportReporter -->
<testsuite hostname="LAPTOP-2ILAS4CI" failures="0" tests="1" name="pkg1.TestNgPractice" time="0.007" errors="0" timestamp="13 Aug 2022 14:09:16 GMT">
  <testcase classname="pkg1.TestNgPractice" name="tc12" time="0.007"/>
</testsuite> <!-- pkg1.TestNgPractice -->
