<?xml version="1.0" encoding="UTF-8"?>
<!-- Generated by org.testng.reporters.JUnitReportReporter -->
<testsuite hostname="LAPTOP-2ILAS4CI" failures="0" tests="5" name="testCases.Testcase12" time="0.044" errors="0" timestamp="6 Sep 2022 12:20:24 GMT">
  <testcase classname="testCases.Testcase12" name="test1" time="0.008"/>
  <testcase classname="testCases.Testcase12" name="test4" time="0.003"/>
  <testcase classname="testCases.Testcase12" name="test3" time="0.002"/>
  <testcase classname="testCases.Testcase12" name="test2" time="0.003"/>
  <testcase classname="testCases.Testcase12" name="test" time="0.028"/>
</testsuite> <!-- testCases.Testcase12 -->
